<?xml version="1.0" encoding="UTF-8"?>
<!-- Generated by org.testng.reporters.JUnitReportReporter -->
<testsuite hostname="EEEPC1613" failures="0" tests="1" name="testCases.CheckVersionSeries" time="21.648" errors="0" timestamp="05 Sep 2022 08:46:26 GMT" skipped="0">
  <testcase classname="testCases.CheckVersionSeries" name="checkVersionName" time="21.648"/>
</testsuite> <!-- testCases.CheckVersionSeries -->
