<?xml version="1.0" encoding="UTF-8"?>
<!-- Generated by org.testng.reporters.JUnitReportReporter -->
<testsuite hostname="EEEPC1613" failures="0" tests="1" name="testCases.LoginOTP" time="31.121" errors="0" timestamp="02 Sep 2022 10:13:29 GMT" skipped="0">
  <testcase classname="testCases.LoginOTP" name="LoginOtpCheck" time="31.121"/>
</testsuite> <!-- testCases.LoginOTP -->
