<?xml version="1.0" encoding="UTF-8"?>
<!-- Generated by org.testng.reporters.JUnitReportReporter -->
<testsuite hostname="EEEPC1613" failures="0" tests="1" name="testCases.LoginPageTest" time="45.973" errors="0" timestamp="30 Aug 2022 17:00:22 GMT" skipped="0">
  <testcase classname="testCases.LoginPageTest" name="LoginPageNavigationTest" time="45.973"/>
</testsuite> <!-- testCases.LoginPageTest -->
